Using pre-set license
Built from '2020.2/china_unity/release' branch; Version is '2020.2.1f1c1 (252d8215dd99) revision 2436482'; Using compiler version '192528614'; Build Type 'Release'
OS: 'Windows 10  (10.0.0) 64bit' Language: 'zh' Physical Memory: 16264 MB
BatchMode: 1, IsHumanControllingUs: 0, StartBugReporterOnCrash: 0, Is64bit: 1, IsPro: 0

 COMMAND LINE ARGUMENTS:
D:\Unity\2020.2.1f1c1\Editor\Unity.exe
-adb2
-batchMode
-noUpm
-name
AssetImportWorker0
-projectPath
D:/Unity/UnityPrejects/Menu&Dos
-logFile
Logs/AssetImportWorker0.log
-srvPort
54398
Successfully changed project path to: D:/Unity/UnityPrejects/Menu&Dos
D:/Unity/UnityPrejects/Menu&Dos
Using Asset Import Pipeline V2.
Refreshing native plugins compatible for Editor in 51.40 ms, found 1 plugins.
Preloading 0 native plugins for Editor in 0.00 ms.
Initialize engine version: 2020.2.1f1c1 (252d8215dd99)
[Subsystems] Discovering subsystems at path D:/Unity/2020.2.1f1c1/Editor/Data/Resources/UnitySubsystems
[Subsystems] Discovering subsystems at path D:/Unity/UnityPrejects/Menu&Dos/Assets
GfxDevice: creating device client; threaded=0
Direct3D:
    Version:  Direct3D 11.0 [level 11.1]
    Renderer: NVIDIA GeForce GTX 1650 (ID=0x1f91)
    Vendor:   
    VRAM:     3962 MB
    Driver:   27.21.14.6079
Initialize mono
Mono path[0] = 'D:/Unity/2020.2.1f1c1/Editor/Data/Managed'
Mono path[1] = 'D:/Unity/2020.2.1f1c1/Editor/Data/MonoBleedingEdge/lib/mono/unityjit'
Mono config path = 'D:/Unity/2020.2.1f1c1/Editor/Data/MonoBleedingEdge/etc'
Using monoOptions --debugger-agent=transport=dt_socket,embedding=1,server=y,suspend=n,address=127.0.0.1:56428
Begin MonoManager ReloadAssembly
Registering precompiled unity dll's ...
Register platform support module: D:/Unity/2020.2.1f1c1/Editor/Data/PlaybackEngines/WindowsStandaloneSupport/UnityEditor.WindowsStandalone.Extensions.dll
Registered in 0.001605 seconds.
Native extension for WindowsStandalone target not found
Refreshing native plugins compatible for Editor in 53.16 ms, found 1 plugins.
Preloading 0 native plugins for Editor in 0.00 ms.
Invoked RoslynAnalysisRunner static constructor.
RoslynAnalysisRunner will not be running.
RoslynAnalysisRunner has terminated.
Mono: successfully reloaded assembly
- Completed reload, in  1.855 seconds
Platform modules already initialized, skipping
Registering precompiled user dll's ...
Registered in 0.001518 seconds.
Begin MonoManager ReloadAssembly
Native extension for WindowsStandalone target not found
Refreshing native plugins compatible for Editor in 53.78 ms, found 1 plugins.
Preloading 0 native plugins for Editor in 0.00 ms.
Invoked RoslynAnalysisRunner static constructor.
RoslynAnalysisRunner will not be running.
RoslynAnalysisRunner has terminated.
Mono: successfully reloaded assembly
- Completed reload, in  1.459 seconds
Platform modules already initialized, skipping
========================================================================
Worker process is ready to serve import requests
Launched and connected shader compiler UnityShaderCompiler.exe after 0.08 seconds
Refreshing native plugins compatible for Editor in 0.46 ms, found 1 plugins.
Preloading 0 native plugins for Editor in 0.00 ms.
Unloading 1787 Unused Serialized files (Serialized files now loaded: 0)
System memory in use before: 86.0 MB.
System memory in use after: 86.1 MB.

Unloading 19 unused Assets to reduce memory usage. Loaded Objects now: 2231.
Total: 2.945900 ms (FindLiveObjects: 0.216700 ms CreateObjectMapping: 0.093100 ms MarkObjects: 2.566300 ms  DeleteObjects: 0.068600 ms)

========================================================================
Received Import Request.
  path: Assets
  artifactKey: Guid(00000000000000001000000000000000) Importer(815301076,1909f56bfc062723c751e8b465ee728b)
Start importing Assets using Guid(00000000000000001000000000000000) Importer(815301076,1909f56bfc062723c751e8b465ee728b)  -> (artifact id: '77a851e104db600022940e564f7da357') in 0.007306 seconds
  Import took 0.011212 seconds .

========================================================================
Received Prepare
Registering precompiled user dll's ...
Registered in 0.001528 seconds.
Begin MonoManager ReloadAssembly
Native extension for WindowsStandalone target not found
Refreshing native plugins compatible for Editor in 0.45 ms, found 1 plugins.
Preloading 0 native plugins for Editor in 0.00 ms.
Invoked RoslynAnalysisRunner static constructor.
RoslynAnalysisRunner will not be running.
RoslynAnalysisRunner has terminated.
Mono: successfully reloaded assembly
- Completed reload, in  1.242 seconds
Platform modules already initialized, skipping
Refreshing native plugins compatible for Editor in 0.43 ms, found 1 plugins.
Preloading 0 native plugins for Editor in 0.00 ms.
Unloading 1780 Unused Serialized files (Serialized files now loaded: 0)
System memory in use before: 85.7 MB.
System memory in use after: 85.8 MB.

Unloading 7 unused Assets to reduce memory usage. Loaded Objects now: 2237.
Total: 3.213100 ms (FindLiveObjects: 0.380200 ms CreateObjectMapping: 0.150300 ms MarkObjects: 2.657400 ms  DeleteObjects: 0.023700 ms)

========================================================================
Received Import Request.
  Time since last request: 46.363210 seconds.
  path: Assets/Scenes/DOS.unity
  artifactKey: Guid(0a057e75e723e35428230b83ae637752) Importer(815301076,1909f56bfc062723c751e8b465ee728b)
Start importing Assets/Scenes/DOS.unity using Guid(0a057e75e723e35428230b83ae637752) Importer(815301076,1909f56bfc062723c751e8b465ee728b)  -> (artifact id: 'c124e110fb42b48baed49b7d680a7f1f') in 0.018599 seconds
  Import took 0.023944 seconds .

========================================================================
Received Import Request.
  Time since last request: 1.124255 seconds.
  path: Assets/Scenes/SampleScene.unity
  artifactKey: Guid(2cda990e2423bbf4892e6590ba056729) Importer(815301076,1909f56bfc062723c751e8b465ee728b)
Start importing Assets/Scenes/SampleScene.unity using Guid(2cda990e2423bbf4892e6590ba056729) Importer(815301076,1909f56bfc062723c751e8b465ee728b)  -> (artifact id: '4b36afe111413fc6c5c66097743f5596') in 0.005141 seconds
  Import took 0.009483 seconds .

========================================================================
Received Import Request.
  Time since last request: 0.011042 seconds.
  path: Assets/Scenes/SampleScene.unity
  artifactKey: Guid(2cda990e2423bbf4892e6590ba056729) Importer(815301076,1909f56bfc062723c751e8b465ee728b)
Start importing Assets/Scenes/SampleScene.unity using Guid(2cda990e2423bbf4892e6590ba056729) Importer(815301076,1909f56bfc062723c751e8b465ee728b)  -> (artifact id: '4b36afe111413fc6c5c66097743f5596') in 0.004404 seconds
  Import took 0.008416 seconds .

========================================================================
Received Import Request.
  Time since last request: 0.654045 seconds.
  path: Assets/Scenes/Start Scene.unity
  artifactKey: Guid(02141e44013a7114c8529d33726c3c57) Importer(815301076,1909f56bfc062723c751e8b465ee728b)
Start importing Assets/Scenes/Start Scene.unity using Guid(02141e44013a7114c8529d33726c3c57) Importer(815301076,1909f56bfc062723c751e8b465ee728b)  -> (artifact id: '197f959fd15ff3a73aad647517ee2948') in 0.004997 seconds
  Import took 0.008977 seconds .

========================================================================
Received Import Request.
  Time since last request: 0.000463 seconds.
  path: Assets/Scenes/Start Scene.unity
  artifactKey: Guid(02141e44013a7114c8529d33726c3c57) Importer(815301076,1909f56bfc062723c751e8b465ee728b)
Start importing Assets/Scenes/Start Scene.unity using Guid(02141e44013a7114c8529d33726c3c57) Importer(815301076,1909f56bfc062723c751e8b465ee728b)  -> (artifact id: '197f959fd15ff3a73aad647517ee2948') in 0.007229 seconds
  Import took 0.011556 seconds .

========================================================================
Received Import Request.
  Time since last request: 0.623795 seconds.
  path: Assets/Scenes/test.unity
  artifactKey: Guid(a223b727bd15d4b409dca6cca42386cb) Importer(815301076,1909f56bfc062723c751e8b465ee728b)
Start importing Assets/Scenes/test.unity using Guid(a223b727bd15d4b409dca6cca42386cb) Importer(815301076,1909f56bfc062723c751e8b465ee728b)  -> (artifact id: 'bbc26041be76800b22ddfda5dc799150') in 0.005841 seconds
  Import took 0.010292 seconds .

========================================================================
Received Import Request.
  Time since last request: 0.000477 seconds.
  path: Assets/Scenes/test.unity
  artifactKey: Guid(a223b727bd15d4b409dca6cca42386cb) Importer(815301076,1909f56bfc062723c751e8b465ee728b)
Start importing Assets/Scenes/test.unity using Guid(a223b727bd15d4b409dca6cca42386cb) Importer(815301076,1909f56bfc062723c751e8b465ee728b)  -> (artifact id: 'bbc26041be76800b22ddfda5dc799150') in 0.004562 seconds
  Import took 0.008496 seconds .

========================================================================
Received Import Request.
  Time since last request: 26.838728 seconds.
  path: Assets/Scripts/ButtonAnimation.cs
  artifactKey: Guid(03e7473337ff9a64dbabb2db8954d7f2) Importer(815301076,1909f56bfc062723c751e8b465ee728b)
Start importing Assets/Scripts/ButtonAnimation.cs using Guid(03e7473337ff9a64dbabb2db8954d7f2) Importer(815301076,1909f56bfc062723c751e8b465ee728b)  -> (artifact id: '2d4daedfe3a6b2e63f91e99f627270e2') in 0.057491 seconds
  Import took 0.061585 seconds .

========================================================================
Received Import Request.
  Time since last request: 0.000901 seconds.
  path: Assets/Scripts/ButtonAnimation.cs
  artifactKey: Guid(03e7473337ff9a64dbabb2db8954d7f2) Importer(815301076,1909f56bfc062723c751e8b465ee728b)
Start importing Assets/Scripts/ButtonAnimation.cs using Guid(03e7473337ff9a64dbabb2db8954d7f2) Importer(815301076,1909f56bfc062723c751e8b465ee728b)  -> (artifact id: '2d4daedfe3a6b2e63f91e99f627270e2') in 0.003819 seconds
  Import took 0.007937 seconds .

========================================================================
Received Prepare
Registering precompiled user dll's ...
Registered in 0.001589 seconds.
Begin MonoManager ReloadAssembly
Native extension for WindowsStandalone target not found
Refreshing native plugins compatible for Editor in 0.44 ms, found 1 plugins.
Preloading 0 native plugins for Editor in 0.00 ms.
Invoked RoslynAnalysisRunner static constructor.
RoslynAnalysisRunner will not be running.
RoslynAnalysisRunner has terminated.
Mono: successfully reloaded assembly
- Completed reload, in  1.232 seconds
Platform modules already initialized, skipping
Refreshing native plugins compatible for Editor in 0.42 ms, found 1 plugins.
Preloading 0 native plugins for Editor in 0.00 ms.
Unloading 1780 Unused Serialized files (Serialized files now loaded: 0)
System memory in use before: 85.9 MB.
System memory in use after: 86.0 MB.

Unloading 7 unused Assets to reduce memory usage. Loaded Objects now: 2240.
Total: 4.078600 ms (FindLiveObjects: 0.279700 ms CreateObjectMapping: 0.128000 ms MarkObjects: 3.635000 ms  DeleteObjects: 0.033400 ms)

========================================================================
Received Import Request.
  Time since last request: 49.640271 seconds.
  path: Assets/TV/Demo-scene.unity
  artifactKey: Guid(19c05eee06bf0f74ca9284dd75c5b2c7) Importer(815301076,1909f56bfc062723c751e8b465ee728b)
Start importing Assets/TV/Demo-scene.unity using Guid(19c05eee06bf0f74ca9284dd75c5b2c7) Importer(815301076,1909f56bfc062723c751e8b465ee728b)  -> (artifact id: '9905a8aa9b40ac5aaf1fa776019817c5') in 0.019991 seconds
  Import took 0.024215 seconds .

========================================================================
Received Import Request.
  Time since last request: 11.920732 seconds.
  path: Assets/OldCinemaFilter/Scenes
  artifactKey: Guid(1ec5255fee9df06488204ac1df7b1cc2) Importer(815301076,1909f56bfc062723c751e8b465ee728b)
Start importing Assets/OldCinemaFilter/Scenes using Guid(1ec5255fee9df06488204ac1df7b1cc2) Importer(815301076,1909f56bfc062723c751e8b465ee728b)  -> (artifact id: '488b7d0c772ee128a6c84e946d8b39fa') in 0.004877 seconds
  Import took 0.009539 seconds .

========================================================================
Received Import Request.
  Time since last request: 1.097324 seconds.
  path: Assets/OldCinemaFilter/Scenes/Demo.unity
  artifactKey: Guid(9fc0d4010bbf28b4594072e72b8655ab) Importer(815301076,1909f56bfc062723c751e8b465ee728b)
Start importing Assets/OldCinemaFilter/Scenes/Demo.unity using Guid(9fc0d4010bbf28b4594072e72b8655ab) Importer(815301076,1909f56bfc062723c751e8b465ee728b)  -> (artifact id: '38c1f98861a2d1e0a3fe8c5d7dd8a245') in 0.006130 seconds
  Import took 0.010146 seconds .

========================================================================
Received Prepare
Registering precompiled user dll's ...
Registered in 0.000982 seconds.
Begin MonoManager ReloadAssembly
Native extension for WindowsStandalone target not found
Refreshing native plugins compatible for Editor in 0.50 ms, found 1 plugins.
Preloading 0 native plugins for Editor in 0.00 ms.
Invoked RoslynAnalysisRunner static constructor.
RoslynAnalysisRunner will not be running.
RoslynAnalysisRunner has terminated.
Mono: successfully reloaded assembly
- Completed reload, in  0.787 seconds
Platform modules already initialized, skipping
Refreshing native plugins compatible for Editor in 0.32 ms, found 1 plugins.
Preloading 0 native plugins for Editor in 0.00 ms.
Unloading 1780 Unused Serialized files (Serialized files now loaded: 0)
System memory in use before: 86.0 MB.
System memory in use after: 86.1 MB.

Unloading 7 unused Assets to reduce memory usage. Loaded Objects now: 2243.
Total: 2.010800 ms (FindLiveObjects: 0.234900 ms CreateObjectMapping: 0.088400 ms MarkObjects: 1.670700 ms  DeleteObjects: 0.015500 ms)

========================================================================
Received Prepare
Registering precompiled user dll's ...
Registered in 0.000995 seconds.
Begin MonoManager ReloadAssembly
Native extension for WindowsStandalone target not found
Refreshing native plugins compatible for Editor in 0.32 ms, found 1 plugins.
Preloading 0 native plugins for Editor in 0.00 ms.
Invoked RoslynAnalysisRunner static constructor.
RoslynAnalysisRunner will not be running.
RoslynAnalysisRunner has terminated.
Mono: successfully reloaded assembly
- Completed reload, in  0.781 seconds
Platform modules already initialized, skipping
Refreshing native plugins compatible for Editor in 0.33 ms, found 1 plugins.
Preloading 0 native plugins for Editor in 0.00 ms.
Unloading 1780 Unused Serialized files (Serialized files now loaded: 0)
System memory in use before: 86.0 MB.
System memory in use after: 86.2 MB.

Unloading 7 unused Assets to reduce memory usage. Loaded Objects now: 2246.
Total: 2.089700 ms (FindLiveObjects: 0.177700 ms CreateObjectMapping: 0.054600 ms MarkObjects: 1.842800 ms  DeleteObjects: 0.013800 ms)

========================================================================
Received Prepare
Registering precompiled user dll's ...
Registered in 0.001071 seconds.
Begin MonoManager ReloadAssembly
Native extension for WindowsStandalone target not found
Refreshing native plugins compatible for Editor in 0.32 ms, found 1 plugins.
Preloading 0 native plugins for Editor in 0.00 ms.
Invoked RoslynAnalysisRunner static constructor.
RoslynAnalysisRunner will not be running.
RoslynAnalysisRunner has terminated.
Mono: successfully reloaded assembly
- Completed reload, in  0.750 seconds
Platform modules already initialized, skipping
Refreshing native plugins compatible for Editor in 0.39 ms, found 1 plugins.
Preloading 0 native plugins for Editor in 0.00 ms.
Unloading 1780 Unused Serialized files (Serialized files now loaded: 0)
System memory in use before: 86.1 MB.
System memory in use after: 86.2 MB.

Unloading 7 unused Assets to reduce memory usage. Loaded Objects now: 2249.
Total: 2.011900 ms (FindLiveObjects: 0.200700 ms CreateObjectMapping: 0.122000 ms MarkObjects: 1.671800 ms  DeleteObjects: 0.015700 ms)

========================================================================
Received Import Request.
  Time since last request: 206.229554 seconds.
  path: Assets/Scenes/Demo.unity
  artifactKey: Guid(9fc0d4010bbf28b4594072e72b8655ab) Importer(815301076,1909f56bfc062723c751e8b465ee728b)
Start importing Assets/Scenes/Demo.unity using Guid(9fc0d4010bbf28b4594072e72b8655ab) Importer(815301076,1909f56bfc062723c751e8b465ee728b)  -> (artifact id: '8033e9c0a4743a2d432a435cb1c38ed2') in 0.012604 seconds
  Import took 0.015332 seconds .

========================================================================
Received Import Request.
  Time since last request: 14.954873 seconds.
  path: Assets/Scenes/Dos.unity
  artifactKey: Guid(9fc0d4010bbf28b4594072e72b8655ab) Importer(815301076,1909f56bfc062723c751e8b465ee728b)
Start importing Assets/Scenes/Dos.unity using Guid(9fc0d4010bbf28b4594072e72b8655ab) Importer(815301076,1909f56bfc062723c751e8b465ee728b)  -> (artifact id: 'be0590a7dfd54c692d1d3ce40309b8b2') in 0.005562 seconds
  Import took 0.009928 seconds .

========================================================================
Received Import Request.
  Time since last request: 59.490842 seconds.
  path: Assets/OldCinemaFilter/Documentation/Documentation.rtf
  artifactKey: Guid(c7b9e4665e3f2314f9c160564e8e92cb) Importer(815301076,1909f56bfc062723c751e8b465ee728b)
Start importing Assets/OldCinemaFilter/Documentation/Documentation.rtf using Guid(c7b9e4665e3f2314f9c160564e8e92cb) Importer(815301076,1909f56bfc062723c751e8b465ee728b)  -> (artifact id: '4a4ad7d5422b464fc55da70fc098c747') in 0.013723 seconds
  Import took 0.017739 seconds .

========================================================================
Received Import Request.
  Time since last request: 0.000765 seconds.
  path: Assets/OldCinemaFilter/Documentation/Documentation.rtf
  artifactKey: Guid(c7b9e4665e3f2314f9c160564e8e92cb) Importer(815301076,1909f56bfc062723c751e8b465ee728b)
Start importing Assets/OldCinemaFilter/Documentation/Documentation.rtf using Guid(c7b9e4665e3f2314f9c160564e8e92cb) Importer(815301076,1909f56bfc062723c751e8b465ee728b)  -> (artifact id: '4a4ad7d5422b464fc55da70fc098c747') in 0.004979 seconds
  Import took 0.008934 seconds .

========================================================================
Received Import Request.
  Time since last request: 41.746984 seconds.
  path: Assets/Resources/Shaders/ComputerOldCinema.compute
  artifactKey: Guid(1bb7223436e7d3a48ae807e8711bac89) Importer(815301076,1909f56bfc062723c751e8b465ee728b)
Start importing Assets/Resources/Shaders/ComputerOldCinema.compute using Guid(1bb7223436e7d3a48ae807e8711bac89) Importer(815301076,1909f56bfc062723c751e8b465ee728b)  -> (artifact id: '938d43538419e240dc9f09a7616239d4') in 0.013892 seconds
  Import took 0.017810 seconds .

========================================================================
Received Import Request.
  Time since last request: 16.196370 seconds.
  path: Assets/Resources/Shaders
  artifactKey: Guid(a5d724e8461805648b11f988e73678cd) Importer(815301076,1909f56bfc062723c751e8b465ee728b)
Start importing Assets/Resources/Shaders using Guid(a5d724e8461805648b11f988e73678cd) Importer(815301076,1909f56bfc062723c751e8b465ee728b)  -> (artifact id: '5966eaa0ea4e3084d6bd6b40f8a6a78b') in 0.005116 seconds
  Import took 0.008896 seconds .

========================================================================
Received Import Request.
  Time since last request: 29.849789 seconds.
  path: Assets/OldCinemaFilter/Scripts/OldCinemaEffect.cs
  artifactKey: Guid(f66cf749fd2cf5f4a8b6b006ec72634f) Importer(815301076,1909f56bfc062723c751e8b465ee728b)
Start importing Assets/OldCinemaFilter/Scripts/OldCinemaEffect.cs using Guid(f66cf749fd2cf5f4a8b6b006ec72634f) Importer(815301076,1909f56bfc062723c751e8b465ee728b)  -> (artifact id: '56aa8f23d99d70c70dc73cbdcb5e9b95') in 0.004768 seconds
  Import took 0.009466 seconds .

========================================================================
Received Import Request.
  Time since last request: 0.002049 seconds.
  path: Assets/OldCinemaFilter/Scripts/OldCinemaEffect.cs
  artifactKey: Guid(f66cf749fd2cf5f4a8b6b006ec72634f) Importer(815301076,1909f56bfc062723c751e8b465ee728b)
Start importing Assets/OldCinemaFilter/Scripts/OldCinemaEffect.cs using Guid(f66cf749fd2cf5f4a8b6b006ec72634f) Importer(815301076,1909f56bfc062723c751e8b465ee728b)  -> (artifact id: '56aa8f23d99d70c70dc73cbdcb5e9b95') in 0.004449 seconds
  Import took 0.008231 seconds .

========================================================================
Received Import Request.
  Time since last request: 21.195918 seconds.
  path: Assets/OldCinemaFilter/Scripts
  artifactKey: Guid(1493a0adeb0a7c34081479ccb316d747) Importer(815301076,1909f56bfc062723c751e8b465ee728b)
Start importing Assets/OldCinemaFilter/Scripts using Guid(1493a0adeb0a7c34081479ccb316d747) Importer(815301076,1909f56bfc062723c751e8b465ee728b)  -> (artifact id: '11e2f1711aba8fd0f753eb04cceb35a7') in 0.005210 seconds
  Import took 0.009277 seconds .

========================================================================
Received Import Request.
  Time since last request: 23.646785 seconds.
  path: Assets/Scenes
  artifactKey: Guid(3bb2415bb473d5a4ba3ec240a48e82d6) Importer(815301076,1909f56bfc062723c751e8b465ee728b)
Start importing Assets/Scenes using Guid(3bb2415bb473d5a4ba3ec240a48e82d6) Importer(815301076,1909f56bfc062723c751e8b465ee728b)  -> (artifact id: '64fcc278dabe4167ba8c9c5f42d3c91a') in 0.004262 seconds
  Import took 0.008104 seconds .

========================================================================
Received Import Request.
  Time since last request: 7.781767 seconds.
  path: Assets/Scenes/Demo.unity
  artifactKey: Guid(cdc503af64e8031468cd6486035f58a3) Importer(815301076,1909f56bfc062723c751e8b465ee728b)
Start importing Assets/Scenes/Demo.unity using Guid(cdc503af64e8031468cd6486035f58a3) Importer(815301076,1909f56bfc062723c751e8b465ee728b)  -> (artifact id: 'bb8ee25f989f412e924722ab6d2512ed') in 0.005315 seconds
  Import took 0.009227 seconds .

========================================================================
Received Prepare
Registering precompiled user dll's ...
Registered in 0.001011 seconds.
Begin MonoManager ReloadAssembly
Native extension for WindowsStandalone target not found
Refreshing native plugins compatible for Editor in 0.33 ms, found 1 plugins.
Preloading 0 native plugins for Editor in 0.00 ms.
Invoked RoslynAnalysisRunner static constructor.
RoslynAnalysisRunner will not be running.
RoslynAnalysisRunner has terminated.
Mono: successfully reloaded assembly
- Completed reload, in  0.743 seconds
Platform modules already initialized, skipping
Refreshing native plugins compatible for Editor in 0.31 ms, found 1 plugins.
Preloading 0 native plugins for Editor in 0.00 ms.
Unloading 1780 Unused Serialized files (Serialized files now loaded: 0)
System memory in use before: 86.2 MB.
System memory in use after: 86.4 MB.

Unloading 7 unused Assets to reduce memory usage. Loaded Objects now: 2252.
Total: 2.136200 ms (FindLiveObjects: 0.227700 ms CreateObjectMapping: 0.108500 ms MarkObjects: 1.781400 ms  DeleteObjects: 0.017200 ms)

========================================================================
Received Import Request.
  Time since last request: 31.279372 seconds.
  path: Assets/Scenes/Demo.unity
  artifactKey: Guid(cdc503af64e8031468cd6486035f58a3) Importer(815301076,1909f56bfc062723c751e8b465ee728b)
Start importing Assets/Scenes/Demo.unity using Guid(cdc503af64e8031468cd6486035f58a3) Importer(815301076,1909f56bfc062723c751e8b465ee728b)  -> (artifact id: '5cd39e1535d7f835005107c8a09b2d2b') in 0.012570 seconds
  Import took 0.015173 seconds .

========================================================================
Received Import Request.
  Time since last request: 14.861974 seconds.
  path: Assets/Scenes/D0s.unity
  artifactKey: Guid(cdc503af64e8031468cd6486035f58a3) Importer(815301076,1909f56bfc062723c751e8b465ee728b)
Start importing Assets/Scenes/D0s.unity using Guid(cdc503af64e8031468cd6486035f58a3) Importer(815301076,1909f56bfc062723c751e8b465ee728b)  -> (artifact id: 'eecdbcb22cdfe9412283da9bdb051200') in 0.003637 seconds
  Import took 0.006944 seconds .

========================================================================
Received Import Request.
  Time since last request: 6.726839 seconds.
  path: Assets/Scenes/Dos.unity
  artifactKey: Guid(cdc503af64e8031468cd6486035f58a3) Importer(815301076,1909f56bfc062723c751e8b465ee728b)
Start importing Assets/Scenes/Dos.unity using Guid(cdc503af64e8031468cd6486035f58a3) Importer(815301076,1909f56bfc062723c751e8b465ee728b)  -> (artifact id: 'c35fc249c3b6bff64fedd1907229b0e6') in 0.003685 seconds
  Import took 0.006404 seconds .

AssetImportWorkerClient::OnTransportError - code=2 error=End of file
